--------------------------------------------------------------------------------
Release 14.7 Trace  (nt64)
Copyright (c) 1995-2013 Xilinx, Inc.  All rights reserved.

C:\Xilinx\14.7\ISE_DS\ISE\bin\nt64\unwrapped\trce.exe -intstyle ise -v 3 -s 4
-n 3 -fastpaths -xml sys_tim011_mercury.twx sys_tim011_mercury.ncd -o
sys_tim011_mercury.twr sys_tim011_mercury.pcf

Design file:              sys_tim011_mercury.ncd
Physical constraint file: sys_tim011_mercury.pcf
Device,package,speed:     xc3s200a,vq100,-4 (PRODUCTION 1.42 2013-10-13)
Report level:             verbose report

Environment Variable      Effect 
--------------------      ------ 
NONE                      No environment variables were set
--------------------------------------------------------------------------------

INFO:Timing:2698 - No timing constraints found, doing default enumeration.
INFO:Timing:3412 - To improve timing, see the Timing Closure User Guide (UG612).
INFO:Timing:2752 - To get complete path coverage, use the unconstrained paths 
   option. All paths that are not constrained will be reported in the 
   unconstrained paths section(s) of the report.
INFO:Timing:3339 - The clock-to-out numbers in this timing report are based on 
   a 50 Ohm transmission line loading model.  For the details of this model, 
   and for more information on accounting for different loading conditions, 
   please see the device datasheet.
INFO:Timing:3390 - This architecture does not support a default System Jitter 
   value, please add SYSTEM_JITTER constraint to the UCF to modify the Clock 
   Uncertainty calculation.
INFO:Timing:3389 - This architecture does not support 'Discrete Jitter' and 
   'Phase Error' calculations, these terms will be zero in the Clock 
   Uncertainty calculation.  Please make appropriate modification to 
   SYSTEM_JITTER to account for the unsupported Discrete Jitter and Phase 
   Error.



Data Sheet report:
-----------------
All values displayed in nanoseconds (ns)

Clock CLK to Pad
------------+------------+------------------+--------+
            | clk (edge) |                  | Clock  |
Destination |   to PAD   |Internal Clock(s) | Phase  |
------------+------------+------------------+--------+
AN<0>       |    9.958(F)|CLK_BUFGP         |   0.000|
AN<1>       |    9.055(F)|CLK_BUFGP         |   0.000|
AN<2>       |   10.739(F)|CLK_BUFGP         |   0.000|
AN<3>       |   10.959(F)|CLK_BUFGP         |   0.000|
A_TO_G<0>   |   12.434(F)|CLK_BUFGP         |   0.000|
A_TO_G<1>   |   13.719(F)|CLK_BUFGP         |   0.000|
A_TO_G<2>   |   12.360(F)|CLK_BUFGP         |   0.000|
A_TO_G<3>   |   13.350(F)|CLK_BUFGP         |   0.000|
A_TO_G<4>   |   13.863(F)|CLK_BUFGP         |   0.000|
A_TO_G<5>   |   12.902(F)|CLK_BUFGP         |   0.000|
A_TO_G<6>   |   12.615(F)|CLK_BUFGP         |   0.000|
DOT         |   10.514(F)|CLK_BUFGP         |   0.000|
------------+------------+------------------+--------+

Clock EXT_CLK to Pad
------------+------------+------------------+--------+
            | clk (edge) |                  | Clock  |
Destination |   to PAD   |Internal Clock(s) | Phase  |
------------+------------+------------------+--------+
PMOD<3>     |   14.039(R)|EXT_CLK_BUFGP     |   0.000|
------------+------------+------------------+--------+

Clock to Setup on destination clock CLK
---------------+---------+---------+---------+---------+
               | Src:Rise| Src:Fall| Src:Rise| Src:Fall|
Source Clock   |Dest:Rise|Dest:Rise|Dest:Fall|Dest:Fall|
---------------+---------+---------+---------+---------+
CLK            |         |         |         |    3.601|
---------------+---------+---------+---------+---------+

Clock to Setup on destination clock EXT_CLK
---------------+---------+---------+---------+---------+
               | Src:Rise| Src:Fall| Src:Rise| Src:Fall|
Source Clock   |Dest:Rise|Dest:Rise|Dest:Fall|Dest:Fall|
---------------+---------+---------+---------+---------+
EXT_CLK        |    5.259|         |         |         |
---------------+---------+---------+---------+---------+


Analysis completed Tue Sep 29 20:57:58 2020 
--------------------------------------------------------------------------------

Trace Settings:
-------------------------
Trace Settings 

Peak Memory Usage: 4582 MB



